[2024-05-04T09:18:18.414] [INFO] default - Hello from TypeScript!
[2024-05-04T09:19:12.565] [INFO] default - Hello from TypeScript!
[2024-05-04T09:19:38.594] [INFO] default - Hello from TypeScript!
[2024-05-04T09:20:42.905] [INFO] default - Hello from TypeScript!
[2024-05-04T09:21:06.464] [INFO] default - Hello from TypeScript!
[2024-05-04T09:21:38.989] [INFO] default - {
  ALLUSERSPROFILE: 'C:\\ProgramData',
  APPDATA: 'C:\\Users\\Laptop\\AppData\\Roaming',
  CGO_ENABLED: '1',
  ChocolateyInstall: 'C:\\ProgramData\\chocolatey',
  ChocolateyLastPathUpdate: '133176584579577321',
  CHROME_CRASHPAD_PIPE_NAME: '\\\\.\\pipe\\crashpad_150660_MAAYKOHGOHISJKWN',
  COLOR: '1',
  COLORTERM: 'truecolor',
  CommonProgramFiles: 'C:\\Program Files\\Common Files',
  'CommonProgramFiles(x86)': 'C:\\Program Files (x86)\\Common Files',
  CommonProgramW6432: 'C:\\Program Files\\Common Files',
  COMPUTERNAME: 'DESKTOP-QAI15E1',
  ComSpec: 'C:\\Windows\\system32\\cmd.exe',
  DriverData: 'C:\\Windows\\System32\\Drivers\\DriverData',
  EDITOR: 'C:\\Windows\\notepad.exe',
  FPS_BROWSER_APP_PROFILE_STRING: 'Internet Explorer',
  FPS_BROWSER_USER_PROFILE_STRING: 'Default',
  GIT_ASKPASS: 'c:\\Users\\Laptop\\AppData\\Local\\Programs\\Microsoft VS Code\\resources\\app\\extensions\\git\\dist\\askpass.sh',
  GIT_LFS_PATH: 'C:\\Program Files\\Git LFS',
  GOPATH: 'C:\\Users\\Laptop\\go',
  HOME: 'C:\\Users\\Laptop',
  HOMEDRIVE: 'C:',
  HOMEPATH: '\\Users\\Laptop',
  INIT_CWD: 'D:\\web\\TS\\api2',
  JWT_LIFETIME: '30d',
  JWT_SECRET: 'jwtsecret',
  LANG: 'en_US.UTF-8',
  LOCALAPPDATA: 'C:\\Users\\Laptop\\AppData\\Local',
  LOGONSERVER: '\\\\DESKTOP-QAI15E1',
  MONGO_URI: 'mongodb://127.0.0.1:27017/jobsbg',
  NODE: 'C:\\Program Files\\nodejs\\node.exe',
  NODE_EXE: 'C:\\Program Files\\nodejs\\\\node.exe',
  NPM_CLI_JS: 'C:\\Program Files\\nodejs\\node_modules\\npm\\bin\\npm-cli.js',
  npm_command: 'run-script',
  npm_config_cache: 'C:\\Users\\Laptop\\AppData\\Local\\npm-cache',
  npm_config_globalconfig: 'C:\\Program Files\\nodejs\\etc\\npmrc',
  npm_config_global_prefix: 'C:\\Program Files\\nodejs',
  npm_config_init_author_name: 'cholakovit',
  npm_config_init_module: 'C:\\Users\\Laptop\\.npm-init.js',
  npm_config_local_prefix: 'D:\\web\\TS\\api2',
  npm_config_node_gyp: 'C:\\Users\\Laptop\\AppData\\Roaming\\nvm\\v18.20.2\\node_modules\\npm\\node_modules\\node-gyp\\bin\\node-gyp.js',
  npm_config_noproxy: '',
  npm_config_npm_version: '10.5.0',
  npm_config_prefix: 'C:\\Program Files\\nodejs',
  npm_config_userconfig: 'C:\\Users\\Laptop\\.npmrc',
  npm_config_user_agent: 'npm/10.5.0 node/v18.20.2 win32 x64 workspaces/false',
  npm_execpath: 'C:\\Users\\Laptop\\AppData\\Roaming\\nvm\\v18.20.2\\node_modules\\npm\\bin\\npm-cli.js',
  npm_lifecycle_event: 'dev',
  npm_lifecycle_script: 'nodemon --exec ts-node src/index.ts',
  npm_node_execpath: 'C:\\Program Files\\nodejs\\node.exe',
  npm_package_json: 'D:\\web\\TS\\api2\\package.json',
  npm_package_name: 'api2',
  npm_package_version: '1.0.0',
  NPM_PREFIX_NPM_CLI_JS: 'C:\\Program Files\\nodejs\\node_modules\\npm\\bin\\npm-cli.js',
  NUMBER_OF_PROCESSORS: '8',
  NVM_HOME: 'C:\\Users\\Laptop\\AppData\\Roaming\\nvm',
  NVM_SYMLINK: 'C:\\Program Files\\nodejs',
  OneDrive: 'C:\\Users\\Laptop\\OneDrive',
  OPENSSL_CONF: 'C:\\Program Files\\PostgreSQL\\psqlODBC\\etc\\openssl.cnf',
  ORIGINAL_XDG_CURRENT_DESKTOP: 'undefined',
  OS: 'Windows_NT',
  PATH: 'D:\\web\\TS\\api2/node_modules/.bin;D:\\web\\TS\\api2\\node_modules\\.bin;D:\\web\\TS\\node_modules\\.bin;D:\\web\\node_modules\\.bin;D:\\node_modules\\.bin;C:\\Users\\Laptop\\AppData\\Roaming\\nvm\\v18.20.2\\node_modules\\npm\\node_modules\\@npmcli\\run-script\\lib\\node-gyp-bin;C:\\Users\\Laptop\\AppData\\Local\\cloud-code\\installer\\google-cloud-sdk\\bin;C:\\Program Files\\Eclipse Adoptium\\jdk-21.0.2.13-hotspot\\bin;C:\\Program Files (x86)\\Common Files\\Oracle\\Java\\javapath;D:\\APPLICATIONS\\oracle\\WINDOWS.X64_193000_db_home\\bin;D:\\APPLICATIONS\\WINDOWS.X64_213000_db_home\\bin;D:\\APPLICATIONS\\dbhomeXE\\bin;C:\\Windows\\system32;C:\\Windows;C:\\Windows\\System32\\Wbem;C:\\Windows\\System32\\WindowsPowerShell\\v1.0\\;C:\\Windows\\System32\\OpenSSH\\;C:\\Program Files\\GitHub CLI\\;C:\\Program Files (x86)\\Yarn\\bin\\;C:\\Program Files\\SafeNet\\Authentication\\SAC\\x64;C:\\Program Files\\SafeNet\\Authentication\\SAC\\x32;C:\\ProgramData\\chocolatey\\bin;C:\\Program Files\\PuTTY\\;C:\\Program Files\\Git LFS;C:\\Users\\Laptop\\AppData\\Roaming\\nvm;C:\\Program Files\\nodejs;C:\\Program Files\\Go\\bin;C:\\Program Files\\Git\\cmd;C:\\Program Files\\Docker\\Docker\\resources\\bin;C:\\Program Files\\MongoDB\\Server\\6.0\\bin;C:\\Users\\Laptop\\AppData\\Local\\Programs\\Python\\Launcher\\;C:\\Users\\Laptop\\.cargo\\bin;C:\\Users\\Laptop\\AppData\\Local\\Microsoft\\WindowsApps;C:\\Users\\Laptop\\AppData\\Local\\Programs\\Microsoft VS Code\\bin;C:\\Program Files\\Git\\bin\\;C:\\Program Files\\Git\\cmd\\;C:\\Users\\Laptop\\AppData\\Local\\Yarn\\bin;C:\\Users\\Laptop\\go\\bin;C:\\Users\\Laptop\\AppData\\Roaming\\nvm;C:\\Program Files\\nodejs;C:\\Users\\Laptop\\go\\bin;C:\\Users\\Laptop\\AppData\\Local\\GitHubDesktop\\bin',
  PATHEXT: '.COM;.EXE;.BAT;.CMD;.VBS;.VBE;.JS;.JSE;.WSF;.WSH;.MSC;.CPL',
  PORT: '3000',
  PROCESSOR_ARCHITECTURE: 'AMD64',
  PROCESSOR_IDENTIFIER: 'Intel64 Family 6 Model 42 Stepping 7, GenuineIntel',
  PROCESSOR_LEVEL: '6',
  PROCESSOR_REVISION: '2a07',
  ProgramData: 'C:\\ProgramData',
  ProgramFiles: 'C:\\Program Files',
  'ProgramFiles(x86)': 'C:\\Program Files (x86)',
  ProgramW6432: 'C:\\Program Files',
  PROMPT: '$P$G',
  PSModulePath: 'C:\\Users\\Laptop\\Documents\\WindowsPowerShell\\Modules;C:\\Program Files\\WindowsPowerShell\\Modules;C:\\Windows\\system32\\WindowsPowerShell\\v1.0\\Modules',
  PUBLIC: 'C:\\Users\\Public',
  SESSIONNAME: 'Console',
  SystemDrive: 'C:',
  SystemRoot: 'C:\\Windows',
  TEMP: 'C:\\Users\\Laptop\\AppData\\Local\\Temp',
  TERM_PROGRAM: 'vscode',
  TERM_PROGRAM_VERSION: '1.89.0',
  TMP: 'C:\\Users\\Laptop\\AppData\\Local\\Temp',
  USERDOMAIN: 'DESKTOP-QAI15E1',
  USERDOMAIN_ROAMINGPROFILE: 'DESKTOP-QAI15E1',
  USERNAME: 'Laptop',
  USERPROFILE: 'C:\\Users\\Laptop',
  VSCODE_GIT_ASKPASS_EXTRA_ARGS: '',
  VSCODE_GIT_ASKPASS_MAIN: 'c:\\Users\\Laptop\\AppData\\Local\\Programs\\Microsoft VS Code\\resources\\app\\extensions\\git\\dist\\askpass-main.js',
  VSCODE_GIT_ASKPASS_NODE: 'C:\\Users\\Laptop\\AppData\\Local\\Programs\\Microsoft VS Code\\Code.exe',
  VSCODE_GIT_IPC_HANDLE: '\\\\.\\pipe\\vscode-git-228676796e-sock',
  VSCODE_INJECTION: '1',
  windir: 'C:\\Windows'
}
[2024-05-04T09:21:39.068] [INFO] default - Hello from TypeScript!
[2024-05-04T09:21:53.496] [INFO] default - 3000
[2024-05-04T09:21:53.505] [INFO] default - Hello from TypeScript!
[2024-05-04T09:22:35.854] [INFO] default - 3001
[2024-05-04T09:22:35.861] [INFO] default - Hello from TypeScript!
[2024-05-04T09:22:58.213] [INFO] default - 3001
[2024-05-04T09:22:58.232] [INFO] default - Hello from TypeScript!
[2024-05-04T09:23:46.263] [INFO] default - 3001
[2024-05-04T09:23:46.274] [INFO] default - Hello from TypeScript!
[2024-05-04T09:23:56.321] [INFO] default - 3001
[2024-05-04T09:23:56.341] [INFO] default - Hello from TypeScript!
[2024-05-04T09:23:56.350] [INFO] default - Server is running at http://localhost:3001
[2024-05-04T09:24:13.961] [INFO] default - Server is running at http://localhost:3001
[2024-05-04T09:25:38.384] [INFO] default - Server is running at http://localhost:3001
[2024-05-04T09:26:52.284] [INFO] default - Server is running at http://localhost:3001
[2024-05-04T09:27:16.453] [INFO] default - Server is running at http://localhost:3001
[2024-05-04T09:28:11.359] [INFO] default - Server is running at http://localhost:3001
[2024-05-04T09:28:49.201] [INFO] default - Server is running at http://localhost:3001
[2024-05-04T09:30:05.605] [INFO] default - Server is running at http://localhost:3001
[2024-05-04T09:30:20.268] [INFO] default - Server is running at http://localhost:3001
[2024-05-04T09:33:27.469] [INFO] default - Server is running at http://localhost:3001
[2024-05-04T09:42:52.568] [INFO] default - Server is running at http://localhost:3001
[2024-05-04T09:43:57.874] [INFO] default - Server is running at http://localhost:3001
[2024-05-04T09:49:18.840] [INFO] default - Server is running at http://localhost:3001
[2024-05-04T09:49:18.942] [INFO] default - MongoDB connection successfull! 127.0.0.1
[2024-05-04T11:04:33.112] [INFO] default - Server is running at http://localhost:3001
[2024-05-04T11:06:14.893] [INFO] default - Server is running at http://localhost:3001
[2024-05-04T11:07:35.949] [INFO] default - MongoDB connect successfull!
[2024-05-04T11:07:35.962] [INFO] default - Server is running at http://localhost:3001
[2024-05-04T11:09:26.046] [INFO] default - MongoDB connect successfull!
[2024-05-04T11:09:26.061] [INFO] default - Server is running at http://localhost:3001
[2024-05-04T11:10:13.809] [INFO] default - MongoDB connect successfull!
[2024-05-04T11:10:13.822] [INFO] default - Server is running at http://localhost:3001
[2024-05-04T11:11:24.626] [INFO] default - MongoDB connect successfull!
[2024-05-04T11:11:25.254] [INFO] default - Server is running at http://localhost:3001
[2024-05-04T11:11:56.786] [INFO] default - MongoDB connect successfull!
[2024-05-04T11:12:38.022] [INFO] default - MongoDB connect successfull!
[2024-05-04T11:12:38.035] [INFO] default - Server is running at http://localhost:3001
[2024-05-04T11:13:35.018] [INFO] default - MongoDB connect successfull!
[2024-05-04T11:13:35.031] [INFO] default - Server is running at http://localhost:3001
[2024-05-04T11:15:21.858] [INFO] default - MongoDB connect successfull!
[2024-05-04T11:15:21.877] [INFO] default - Server is running at http://localhost:3001
[2024-05-04T11:15:41.986] [INFO] default - MongoDB connect successfull!
[2024-05-04T11:15:42.001] [INFO] default - Server is running at http://localhost:3001
[2024-05-04T11:20:14.770] [INFO] default - MongoDB connect successfull!
[2024-05-04T11:20:14.783] [INFO] default - Server is running at http://localhost:3001
[2024-05-04T11:21:16.638] [INFO] default - MongoDB connect successfull!
[2024-05-04T11:21:16.655] [INFO] default - Server is running at http://localhost:3001
[2024-05-04T11:22:19.385] [INFO] default - MongoDB connect successfull!
[2024-05-04T11:22:19.401] [INFO] default - Server is running at http://localhost:3001
[2024-05-04T11:22:45.353] [INFO] default - MongoDB connect successfull!
[2024-05-04T11:23:51.850] [INFO] default - MongoDB connect successfull!
[2024-05-04T11:25:11.618] [INFO] default - MongoDB connect successfull!
[2024-05-04T11:25:35.532] [INFO] default - MongoDB connect successfull!
[2024-05-04T11:25:51.003] [INFO] default - MongoDB connect successfull!
[2024-05-04T11:26:53.206] [INFO] default - MongoDB connect successfull!
[2024-05-04T11:28:11.665] [INFO] default - MongoDB connect successfull!
[2024-05-04T11:28:34.587] [INFO] default - MongoDB connect successfull!
[2024-05-04T11:30:29.753] [INFO] default - MongoDB connect successfull!
[2024-05-04T11:32:00.582] [INFO] default - MongoDB connect successfull!
[2024-05-04T11:32:54.236] [INFO] default - MongoDB connect successfull!
[2024-05-04T11:33:27.071] [INFO] default - MongoDB connect successfull!
[2024-05-04T11:33:27.084] [INFO] default - Server is running at http://localhost:3001
[2024-05-04T11:37:40.729] [INFO] default - MongoDB connect successfull!
[2024-05-04T11:37:40.846] [INFO] default - Server is running at http://localhost:3001
[2024-05-04T11:39:01.700] [INFO] default - job list
[2024-05-04T11:39:09.541] [INFO] default - list users
[2024-05-04T11:41:53.253] [INFO] default - MongoDB connect successfull!
[2024-05-04T11:41:53.268] [INFO] default - Server is running at http://localhost:3001
[2024-05-04T11:51:01.902] [INFO] default - MongoDB connect successfull!
[2024-05-04T11:51:01.925] [INFO] default - Server is running at http://localhost:3001
[2024-05-04T12:55:47.793] [INFO] default - MongoDB connect successfull!
[2024-05-04T12:55:47.808] [INFO] default - Server is running at http://localhost:3001
[2024-05-04T13:40:51.686] [INFO] default - MongoDB connect successfull!
[2024-05-04T13:40:51.699] [INFO] default - Server is running at http://localhost:3001
[2024-05-04T13:42:05.527] [INFO] default - MongoDB connect successfull!
[2024-05-04T13:42:05.544] [INFO] default - Server is running at http://localhost:3001
[2024-05-06T10:01:54.854] [INFO] default - Hello from Express and TypeScript!
[2024-05-06T10:03:24.371] [INFO] default - Hello from Express and TypeScript!
[2024-05-06T11:37:57.838] [INFO] default - MongoDB Connect!
[2024-05-06T11:38:14.090] [INFO] default - MongoDB Connect!
[2024-05-06T12:44:48.957] [INFO] default - MongoDB Connect!
[2024-05-06T12:45:20.453] [INFO] default - MongoDB Connect!
[2024-05-06T12:45:45.935] [INFO] default - MongoDB Connect!
[2024-05-06T12:48:00.447] [INFO] default - MongoDB Connect!
[2024-05-06T12:48:11.498] [INFO] default - MongoDB Connect!
[2024-05-06T12:51:30.228] [INFO] default - MongoDB Connect!
[2024-05-06T12:53:22.754] [INFO] default - MongoDB Connect!
[2024-05-06T12:54:48.120] [INFO] default - MongoDB Connect!
[2024-05-06T12:55:04.230] [INFO] default - MongoDB Connect!
[2024-05-06T12:55:29.188] [INFO] default - MongoDB Connect!
[2024-05-06T12:55:56.476] [INFO] default - MongoDB Connect!
[2024-05-06T12:56:50.599] [INFO] default - MongoDB Connect!
[2024-05-06T12:57:18.775] [INFO] default - MongoDB Connect!
[2024-05-06T12:57:27.356] [INFO] default - MongoDB Connect!
[2024-05-06T13:00:52.563] [INFO] default - MongoDB Connect!
[2024-05-06T13:02:21.109] [INFO] default - MongoDB Connect!
[2024-05-06T13:03:18.771] [INFO] default - MongoDB Connect!
[2024-05-06T13:04:34.721] [INFO] default - MongoDB Connect!
[2024-05-06T13:06:37.568] [INFO] default - MongoDB Connect!
[2024-05-06T13:07:18.197] [INFO] default - MongoDB Connect!
[2024-05-06T13:11:16.119] [INFO] default - MongoDB Connect!
[2024-05-06T13:12:51.966] [INFO] default - MongoDB Connect!
[2024-05-06T13:13:02.007] [INFO] default - list jobs
[2024-05-09T10:02:52.208] [INFO] default - MongoDB Connect!
[2024-05-09T10:03:39.578] [INFO] default - Hello from Express and TypeScript!
[2024-05-09T10:09:38.250] [INFO] default - MongoDB Connect!
[2024-05-09T10:09:51.439] [INFO] default - Hello from Express and TypeScript!
[2024-05-09T10:10:52.285] [INFO] default - list jobs
[2024-05-09T10:15:13.946] [INFO] default - MongoDB Connect!
[2024-05-09T10:16:04.327] [INFO] default - MongoDB Connect!
[2024-05-09T10:16:23.614] [INFO] default - MongoDB Connect!
[2024-05-09T10:16:44.650] [INFO] default - MongoDB Connect!
[2024-05-09T10:18:55.664] [INFO] default - new jobs
[2024-05-09T10:19:20.476] [INFO] default - show jobs
[2024-05-09T10:20:28.689] [INFO] default - update jobs
[2024-05-09T10:20:40.112] [INFO] default - delete jobs
[2024-05-09T10:21:43.039] [INFO] default - MongoDB Connect!
[2024-05-09T10:22:48.307] [INFO] default - MongoDB Connect!
[2024-05-09T10:23:09.825] [INFO] default - MongoDB Connect!
[2024-05-09T10:23:49.425] [INFO] default - MongoDB Connect!
[2024-05-09T10:24:12.182] [INFO] default - MongoDB Connect!
[2024-05-09T10:24:29.793] [INFO] default - MongoDB Connect!
[2024-05-09T10:25:28.581] [INFO] default - MongoDB Connect!
[2024-05-09T10:26:15.649] [INFO] default - MongoDB Connect!
[2024-05-09T10:29:26.488] [INFO] default - MongoDB Connect!
[2024-05-09T10:31:14.809] [INFO] default - MongoDB Connect!
[2024-05-09T10:31:57.078] [INFO] default - MongoDB Connect!
[2024-05-09T10:32:31.968] [INFO] default - MongoDB Connect!
[2024-05-09T10:32:49.976] [INFO] default - MongoDB Connect!
[2024-05-09T10:38:04.164] [INFO] default - MongoDB Connect!
[2024-05-09T10:40:16.035] [INFO] default - MongoDB Connect!
[2024-05-09T10:40:33.946] [INFO] default - Job Request Success
[2024-05-09T10:42:07.246] [INFO] default - MongoDB Connect!
[2024-05-09T10:45:19.755] [INFO] default - MongoDB Connect!
[2024-05-09T10:45:59.014] [INFO] default - MongoDB Connect!
[2024-05-09T10:49:40.030] [INFO] default - MongoDB Connect!
[2024-05-09T10:52:54.299] [INFO] default - MongoDB Connect!
[2024-05-09T10:52:56.759] [INFO] default - Job request successfull
[2024-05-09T11:01:36.806] [INFO] default - MongoDB Connect!
[2024-05-09T11:01:49.097] [INFO] default - 1
[2024-05-09T11:04:07.956] [INFO] default - MongoDB Connect!
[2024-05-09T11:05:25.962] [INFO] default - {
  _id: new ObjectId('64e85b2df567470e38af4aab'),
  title: 'dadasd',
  description: 'asdadasdadas',
  company: 'dasdas',
  location: 'qqqqqqqqqqqqqqq',
  employment_type: '',
  salary: 'qqqqqqqqqqqqqqqq',
  requirements: 'dadasd',
  responsibilities: 'asdasda',
  posted_date: 0001-01-01T00:00:00.000Z,
  expiry_date: 0001-01-01T00:00:00.000Z,
  contact_information: 'asdasda',
  application_process: 'dadadas'
}
[2024-05-09T11:05:25.979] [INFO] default - 64e85b2df567470e38af4aab
[2024-05-09T11:07:20.461] [INFO] default - MongoDB Connect!
[2024-05-09T11:07:28.329] [INFO] default - Show job request
[2024-05-09T11:07:28.343] [INFO] default - 64e85b2df567470e38af4aab
[2024-05-09T11:11:43.311] [INFO] default - MongoDB Connect!
[2024-05-09T11:11:54.409] [INFO] default - MongoDB Connect!
[2024-05-09T11:14:40.130] [INFO] default - MongoDB Connect!
[2024-05-09T11:18:31.151] [INFO] default - MongoDB Connect!
[2024-05-09T11:18:52.161] [INFO] default - MongoDB Connect!
[2024-05-09T11:19:02.903] [INFO] default - Show request successfull
[2024-05-09T11:19:02.907] [ERROR] default - Error Occurred: Converting circular structure to JSON
    --> starting at object with constructor 'MongoClient'
    |     property 's' -> object with constructor 'Object'
    |     property 'sessionPool' -> object with constructor 'ServerSessionPool'
    --- property 'client' closes the circle
[2024-05-09T11:19:17.490] [INFO] default - Show request successfull
[2024-05-09T11:19:17.492] [ERROR] default - Error Occurred: Converting circular structure to JSON
    --> starting at object with constructor 'MongoClient'
    |     property 's' -> object with constructor 'Object'
    |     property 'sessionPool' -> object with constructor 'ServerSessionPool'
    --- property 'client' closes the circle
[2024-05-09T11:19:45.734] [INFO] default - MongoDB Connect!
[2024-05-09T11:19:49.175] [INFO] default - Show request successfull
[2024-05-09T11:19:49.177] [ERROR] default - Error Occurred: Converting circular structure to JSON
    --> starting at object with constructor 'MongoClient'
    |     property 's' -> object with constructor 'Object'
    |     property 'sessionPool' -> object with constructor 'ServerSessionPool'
    --- property 'client' closes the circle
[2024-05-09T11:19:51.475] [INFO] default - Show request successfull
[2024-05-09T11:19:51.477] [ERROR] default - Error Occurred: Converting circular structure to JSON
    --> starting at object with constructor 'MongoClient'
    |     property 's' -> object with constructor 'Object'
    |     property 'sessionPool' -> object with constructor 'ServerSessionPool'
    --- property 'client' closes the circle
[2024-05-09T11:21:12.443] [INFO] default - MongoDB Connect!
[2024-05-09T11:21:18.647] [INFO] default - Show request successfull
[2024-05-09T11:21:18.649] [ERROR] default - Error Occurred: Converting circular structure to JSON
    --> starting at object with constructor 'MongoClient'
    |     property 's' -> object with constructor 'Object'
    |     property 'sessionPool' -> object with constructor 'ServerSessionPool'
    --- property 'client' closes the circle
[2024-05-09T11:21:47.469] [INFO] default - MongoDB Connect!
[2024-05-09T11:21:54.456] [INFO] default - Show request successfull
[2024-05-09T11:30:04.260] [INFO] default - MongoDB Connect!
[2024-05-09T11:31:58.296] [INFO] default - MongoDB Connect!
[2024-05-09T11:32:57.879] [INFO] default - MongoDB Connect!
[2024-05-09T11:37:18.397] [INFO] default - MongoDB Connect!
[2024-05-09T11:38:18.462] [INFO] default - MongoDB Connect!
[2024-05-09T11:40:52.371] [INFO] default - MongoDB Connect!
[2024-05-09T11:41:56.982] [INFO] default - MongoDB Connect!
[2024-05-09T11:42:05.773] [INFO] default - MongoDB Connect!
[2024-05-09T11:42:10.043] [INFO] default - MongoDB Connect!
[2024-05-09T11:43:34.922] [INFO] default - MongoDB Connect!
[2024-05-09T11:43:58.108] [INFO] default - MongoDB Connect!
[2024-05-09T11:44:51.236] [INFO] default - MongoDB Connect!
[2024-05-09T11:45:17.708] [INFO] default - MongoDB Connect!
[2024-05-09T11:46:01.443] [INFO] default - MongoDB Connect!
[2024-05-09T11:46:58.049] [INFO] default - MongoDB Connect!
[2024-05-09T11:47:57.979] [INFO] default - MongoDB Connect!
[2024-05-09T11:51:41.963] [INFO] default - MongoDB Connect!
[2024-05-09T11:53:53.453] [INFO] default - MongoDB Connect!
[2024-05-09T11:54:58.624] [INFO] default - MongoDB Connect!
[2024-05-09T11:56:17.377] [INFO] default - MongoDB Connect!
[2024-05-09T11:59:54.947] [INFO] default - MongoDB Connect!
[2024-05-09T12:01:16.874] [INFO] default - MongoDB Connect!
[2024-05-09T12:01:47.969] [INFO] default - MongoDB Connect!
[2024-05-09T14:29:16.519] [INFO] default - MongoDB Connect!
[2024-05-09T14:32:49.795] [INFO] default - MongoDB Connect!
[2024-05-09T14:35:58.428] [INFO] default - MongoDB Connect!
[2024-05-09T14:37:23.406] [INFO] default - MongoDB Connect!
[2024-05-09T14:40:20.342] [INFO] default - MongoDB Connect!
[2024-05-09T14:42:18.045] [INFO] default - MongoDB Connect!
[2024-05-09T14:45:33.286] [INFO] default - MongoDB Connect!
[2024-05-09T14:47:12.027] [INFO] default - MongoDB Connect!
[2024-05-09T14:47:43.373] [INFO] default - MongoDB Connect!
[2024-05-09T15:12:25.873] [INFO] default - MongoDB Connect!
[2024-05-09T15:12:45.945] [INFO] default - MongoDB Connect!
[2024-05-09T15:14:51.313] [INFO] default - MongoDB Connect!
[2024-05-09T15:16:26.935] [INFO] default - MongoDB Connect!
[2024-05-09T15:18:24.198] [INFO] default - MongoDB Connect!
[2024-05-09T15:27:06.547] [INFO] default - MongoDB Connect!
[2024-05-09T15:29:15.612] [INFO] default - MongoDB Connect!
[2024-05-09T15:32:06.214] [INFO] default - MongoDB Connect!
[2024-05-09T15:34:44.412] [INFO] default - MongoDB Connect!
[2024-05-09T15:35:07.364] [INFO] default - MongoDB Connect!
[2024-05-09T15:42:50.279] [INFO] default - MongoDB Connect!
[2024-05-09T16:36:49.662] [INFO] default - MongoDB Connect!
[2024-05-09T16:38:30.019] [INFO] default - MongoDB Connect!
[2024-05-09T16:38:53.508] [INFO] default - MongoDB Connect!
[2024-05-09T16:42:04.714] [INFO] default - MongoDB Connect!
[2024-05-09T16:42:08.978] [INFO] default - MongoDB Connect!
[2024-05-09T16:42:13.530] [INFO] default - MongoDB Connect!
[2024-05-09T16:43:00.000] [INFO] default - MongoDB Connect!
[2024-05-09T16:44:51.759] [INFO] default - MongoDB Connect!
[2024-05-09T16:48:56.670] [INFO] default - MongoDB Connect!
[2024-05-09T16:52:49.624] [INFO] default - MongoDB Connect!
[2024-05-09T16:54:23.475] [INFO] default - MongoDB Connect!
[2024-05-10T13:02:54.998] [INFO] default - MongoDB Connect!
[2024-05-10T13:03:16.504] [INFO] default - Hello from Express and TypeScript!
[2024-05-10T13:03:42.860] [INFO] default - MongoDB Connect!
[2024-05-10T13:04:29.175] [INFO] default - MongoDB Connect!
[2024-05-10T13:40:04.290] [INFO] default - MongoDB Connect!
[2024-05-10T13:42:04.040] [ERROR] default - ERROR - Code: 404 - Message: Example Not Found
[2024-05-10T13:43:25.575] [INFO] default - MongoDB Connect!
[2024-05-10T13:44:46.017] [ERROR] default - Error Occurred: Cast to ObjectId failed for value "6630d2ff303f7f74e6a21" (type string) at path "_id" for model "users"
[2024-05-10T13:45:54.161] [INFO] default - MongoDB Connect!
[2024-05-10T13:46:21.852] [INFO] default - MongoDB Connect!
[2024-05-10T13:46:50.565] [INFO] default - MongoDB Connect!
[2024-05-10T13:48:20.169] [INFO] default - MongoDB Connect!
[2024-05-10T13:55:02.044] [INFO] default - MongoDB Connect!
[2024-05-10T13:56:34.076] [INFO] default - MongoDB Connect!
[2024-05-10T13:57:55.513] [INFO] default - MongoDB Connect!
[2024-05-10T14:01:23.791] [INFO] default - MongoDB Connect!
[2024-05-10T14:02:09.081] [INFO] default - MongoDB Connect!
[2024-05-10T14:02:22.176] [ERROR] default - ERROR - Code: 404 - Message: Users not found
[2024-05-10T14:03:09.144] [INFO] default - MongoDB Connect!
[2024-05-10T14:04:39.290] [INFO] default - MongoDB Connect!
[2024-05-10T14:12:03.989] [INFO] default - MongoDB Connect!
[2024-05-10T15:19:25.245] [INFO] default - MongoDB Connect!
[2024-05-10T15:23:00.479] [INFO] default - MongoDB Connect!
[2024-05-10T15:23:25.016] [INFO] default - MongoDB Connect!
[2024-05-10T15:27:15.356] [INFO] default - MongoDB Connect!
[2024-05-10T15:29:44.429] [INFO] default - MongoDB Connect!
[2024-05-10T15:29:48.428] [INFO] default - MongoDB Connect!
[2024-05-10T15:30:22.090] [INFO] default - MongoDB Connect!
[2024-05-10T15:30:47.701] [INFO] default - MongoDB Connect!
[2024-05-10T15:33:53.867] [INFO] default - MongoDB Connect!
[2024-05-10T15:39:06.889] [INFO] default - MongoDB Connect!
[2024-05-10T15:47:10.539] [INFO] default - MongoDB Connect!
[2024-05-10T15:47:19.965] [ERROR] default - ERROR - Code: 404 - Message: Example Not Found
[2024-05-10T15:50:01.622] [INFO] default - MongoDB Connect!
[2024-05-10T15:52:14.362] [INFO] default - MongoDB Connect!
[2024-05-10T15:53:24.296] [INFO] default - MongoDB Connect!
[2024-05-10T15:54:46.675] [INFO] default - MongoDB Connect!
[2024-05-10T15:56:35.190] [INFO] default - MongoDB Connect!
[2024-05-10T15:57:00.540] [INFO] default - MongoDB Connect!
[2024-05-10T15:57:47.590] [INFO] default - MongoDB Connect!
[2024-05-10T15:58:59.820] [INFO] default - MongoDB Connect!
[2024-05-10T16:04:17.213] [INFO] default - MongoDB Connect!
[2024-05-10T16:04:56.512] [ERROR] default - ERROR - Code: 404 - Message: Example Not Found
[2024-05-10T16:05:02.967] [INFO] default - Hello from Express and TypeScript!
[2024-05-11T10:12:29.166] [INFO] default - MongoDB Connect!
[2024-05-11T10:28:09.462] [INFO] default - MongoDB Connect!
[2024-05-11T10:30:59.285] [INFO] default - MongoDB Connect!
[2024-05-11T10:34:22.073] [INFO] default - MongoDB Connect!
[2024-05-11T10:38:15.063] [INFO] default - MongoDB Connect!
[2024-05-11T10:38:36.884] [INFO] default - MongoDB Connect!
[2024-05-11T10:39:50.690] [INFO] default - MongoDB Connect!
[2024-05-11T10:40:57.999] [INFO] default - MongoDB Connect!
[2024-05-11T10:41:40.745] [INFO] default - MongoDB Connect!
[2024-05-11T10:46:06.839] [INFO] default - MongoDB Connect!
[2024-05-11T10:50:23.143] [INFO] default - MongoDB Connect!
[2024-05-11T10:51:11.489] [INFO] default - MongoDB Connect!
[2024-05-11T10:53:23.959] [INFO] default - MongoDB Connect!
[2024-05-11T11:11:22.878] [INFO] default - MongoDB Connect!
[2024-05-11T11:11:48.519] [INFO] default - MongoDB Connect!
[2024-05-11T11:15:28.449] [INFO] default - MongoDB Connect!
[2024-05-11T11:36:23.704] [INFO] default - MongoDB Connect!
[2024-05-11T11:38:22.147] [INFO] default - MongoDB Connect!
[2024-05-11T11:45:20.874] [INFO] default - MongoDB Connect!
[2024-05-11T11:45:45.883] [INFO] default - MongoDB Connect!
[2024-05-11T11:51:11.587] [INFO] default - MongoDB Connect!
[2024-05-11T11:51:49.151] [ERROR] default - ERROR - Code: 500 - Message: Error Occurred during register: Cannot read properties of undefined (reading 'hashPassword')
[2024-05-11T11:55:05.185] [INFO] default - MongoDB Connect!
[2024-05-11T11:55:12.096] [ERROR] default - ERROR - Code: 500 - Message: Error Occurred during register: Cannot read properties of undefined (reading 'hashPassword')
[2024-05-11T11:55:19.223] [ERROR] default - ERROR - Code: 500 - Message: Error Occurred during register: Cannot read properties of undefined (reading 'hashPassword')
[2024-05-11T11:56:26.412] [INFO] default - MongoDB Connect!
[2024-05-11T12:01:05.275] [INFO] default - MongoDB Connect!
[2024-05-11T12:02:56.605] [INFO] default - MongoDB Connect!
[2024-05-11T12:03:27.109] [ERROR] default - ERROR - Code: 400 - Message: Username already exists.
[2024-05-11T12:04:02.034] [ERROR] default - ERROR - Code: 500 - Message: Error Occurred during login: Cannot read properties of undefined (reading 'verifyUsers')
[2024-05-11T12:04:50.448] [INFO] default - MongoDB Connect!
[2024-05-11T12:05:19.605] [INFO] default - MongoDB Connect!
[2024-05-11T12:08:22.141] [INFO] default - MongoDB Connect!
[2024-05-11T12:08:27.275] [INFO] default - MongoDB Connect!
[2024-05-11T12:08:58.054] [INFO] default - MongoDB Connect!
[2024-05-11T12:59:31.048] [INFO] default - MongoDB Connect!
[2024-05-11T13:05:58.164] [INFO] default - MongoDB Connect!
[2024-05-11T13:25:43.568] [INFO] default - MongoDB Connect!
[2024-05-11T13:26:34.040] [INFO] default - MongoDB Connect!
[2024-05-11T13:27:26.216] [INFO] default - MongoDB Connect!
[2024-05-11T13:33:25.727] [INFO] default - MongoDB Connect!
[2024-05-11T13:36:23.933] [INFO] default - MongoDB Connect!
[2024-05-11T13:36:52.800] [INFO] default - MongoDB Connect!
[2024-05-11T13:38:43.491] [INFO] default - MongoDB Connect!
[2024-05-11T13:43:21.184] [INFO] default - MongoDB Connect!
[2024-05-11T13:43:58.906] [INFO] default - MongoDB Connect!
[2024-05-18T11:58:27.354] [INFO] default - MongoDB Connect!
[2024-05-18T12:01:55.942] [INFO] default - MongoDB Connect!
[2024-05-18T12:02:31.273] [INFO] default - MongoDB Connect!
[2024-05-18T12:03:04.343] [INFO] default - MongoDB Connect!
[2024-05-18T13:34:23.137] [INFO] default - MongoDB Connect!
[2024-05-18T13:35:52.326] [INFO] default - MongoDB Connect!
[2024-05-18T13:38:33.055] [INFO] default - MongoDB Connect!
[2024-05-18T13:39:46.792] [INFO] default - MongoDB Connect!
[2024-05-18T13:43:37.601] [INFO] default - MongoDB Connect!
[2024-05-18T13:44:58.557] [INFO] default - MongoDB Connect!
[2024-05-18T13:45:42.412] [INFO] default - MongoDB Connect!
[2024-05-18T13:46:35.803] [INFO] default - MongoDB Connect!
[2024-05-18T13:46:39.037] [ERROR] default - ERROR - Code: 401 - Message: Authorization header missing
[2024-05-18T13:47:59.548] [INFO] default - MongoDB Connect!
[2024-05-18T14:00:15.857] [INFO] default - MongoDB Connect!
[2024-05-18T14:00:59.316] [INFO] default - MongoDB Connect!
[2024-05-18T14:04:14.909] [INFO] default - MongoDB Connect!
[2024-05-18T14:04:43.393] [ERROR] default - ERROR - Code: 403 - Message: Invalid token
[2024-05-18T14:04:51.455] [ERROR] default - ERROR - Code: 403 - Message: Invalid token
[2024-05-18T14:20:03.678] [INFO] default - MongoDB Connect!
[2024-05-18T14:28:53.683] [INFO] default - MongoDB Connect!
[2024-05-18T14:29:22.083] [INFO] default - MongoDB Connect!
[2024-05-18T14:31:10.655] [ERROR] default - ERROR - Code: 401 - Message: Authorization header missing
[2024-05-18T14:31:27.329] [ERROR] default - ERROR - Code: 403 - Message: Invalid token
[2024-05-18T14:32:47.758] [INFO] default - MongoDB Connect!
[2024-05-18T14:32:53.602] [ERROR] default - ERROR - Code: 403 - Message: Invalid token
[2024-05-18T14:33:25.030] [ERROR] default - ERROR - Code: 403 - Message: Invalid token
[2024-05-18T14:33:30.640] [ERROR] default - ERROR - Code: 403 - Message: Invalid token
[2024-05-18T14:34:23.107] [INFO] default - MongoDB Connect!
[2024-05-18T14:34:28.334] [ERROR] default - ERROR - Code: 403 - Message: Invalid token
[2024-05-18T14:35:35.824] [INFO] default - MongoDB Connect!
[2024-05-18T14:39:56.206] [INFO] default - MongoDB Connect!
[2024-05-18T14:40:31.787] [INFO] default - MongoDB Connect!
[2024-05-18T14:43:39.752] [INFO] default - MongoDB Connect!
[2024-05-18T14:47:03.486] [INFO] default - MongoDB Connect!
[2024-05-18T14:51:35.578] [INFO] default - MongoDB Connect!
[2024-05-18T14:54:47.857] [INFO] default - MongoDB Connect!
[2024-05-18T15:00:19.813] [INFO] default - MongoDB Connect!
[2024-05-18T15:02:06.187] [INFO] default - MongoDB Connect!
[2024-05-18T15:02:54.786] [INFO] default - MongoDB Connect!
[2024-05-18T15:05:20.314] [INFO] default - MongoDB Connect!
[2024-05-18T15:10:59.291] [INFO] default - MongoDB Connect!
[2024-05-18T15:11:36.050] [INFO] default - MongoDB Connect!
[2024-05-18T15:13:04.865] [INFO] default - MongoDB Connect!
[2024-05-18T15:13:26.513] [INFO] default - MongoDB Connect!
[2024-05-18T15:15:51.497] [INFO] default - MongoDB Connect!
[2024-05-18T15:16:19.618] [INFO] default - MongoDB Connect!
[2024-05-18T15:16:44.110] [INFO] default - MongoDB Connect!
[2024-05-18T15:17:08.482] [INFO] default - MongoDB Connect!
[2024-05-18T15:23:40.548] [INFO] default - MongoDB Connect!
[2024-05-18T15:27:48.953] [INFO] default - MongoDB Connect!
[2024-05-18T15:30:13.766] [INFO] default - MongoDB Connect!
[2024-05-18T15:30:17.332] [ERROR] default - ERROR - Code: 403 - Message: Invalid token
[2024-05-18T15:30:39.593] [ERROR] default - ERROR - Code: 403 - Message: Invalid token
[2024-05-18T15:33:05.909] [INFO] default - MongoDB Connect!
[2024-05-18T15:45:57.763] [INFO] default - MongoDB Connect!
[2024-05-18T15:48:27.008] [INFO] default - MongoDB Connect!
[2024-05-18T15:50:07.652] [INFO] default - MongoDB Connect!
[2024-05-18T15:51:28.057] [ERROR] default - ERROR - Code: 403 - Message: Token has been blacklisted
[2024-05-18T15:52:20.592] [ERROR] default - ERROR - Code: 403 - Message: Token has been blacklisted
[2024-05-18T15:56:23.139] [INFO] default - MongoDB Connect!
[2024-05-18T15:57:48.905] [INFO] default - MongoDB Connect!
[2024-05-18T15:58:42.518] [ERROR] default - ERROR - Code: 403 - Message: Token has been blacklisted
[2024-05-18T15:59:11.948] [INFO] default - MongoDB Connect!
[2024-05-18T16:03:05.127] [INFO] default - MongoDB Connect!
[2024-05-18T16:03:57.478] [ERROR] default - ERROR - Code: 403 - Message: Token has been blacklisted
[2024-05-18T16:04:13.360] [ERROR] default - ERROR - Code: 403 - Message: Token has been blacklisted
[2024-05-18T16:08:55.163] [INFO] default - MongoDB Connect!
[2024-05-18T18:02:05.409] [INFO] default - MongoDB Connect!
[2024-05-19T16:59:47.619] [INFO] default - MongoDB Connect!
[2024-05-19T17:00:36.840] [INFO] default - MongoDB Connect!
[2024-05-19T17:02:19.909] [INFO] default - MongoDB Connect!
[2024-05-19T17:02:49.318] [ERROR] default - ERROR - Code: 403 - Message: Invalid token
[2024-05-19T17:02:58.313] [ERROR] default - ERROR - Code: 401 - Message: Authorization header missing
[2024-05-19T17:14:44.103] [INFO] default - MongoDB Connect!
[2024-05-19T17:21:24.534] [INFO] default - MongoDB Connect!
[2024-05-19T17:27:55.856] [INFO] default - MongoDB Connect!
[2024-05-19T17:33:04.778] [INFO] default - MongoDB Connect!
[2024-05-19T17:35:47.331] [INFO] default - MongoDB Connect!
[2024-05-19T17:37:25.259] [INFO] default - MongoDB Connect!
[2024-05-19T17:37:49.165] [INFO] default - MongoDB Connect!
[2024-05-19T17:38:13.697] [ERROR] default - ERROR - Code: 401 - Message: No token provided
[2024-05-19T17:41:48.528] [INFO] default - MongoDB Connect!
[2024-05-19T17:43:32.009] [INFO] default - MongoDB Connect!
[2024-05-19T17:46:56.278] [INFO] default - MongoDB Connect!
[2024-05-19T17:48:02.448] [INFO] default - MongoDB Connect!
[2024-05-19T17:48:53.077] [INFO] default - MongoDB Connect!
[2024-05-19T17:52:09.751] [INFO] default - MongoDB Connect!
[2024-05-20T18:51:01.522] [INFO] default - MongoDB Connect!
[2024-05-20T18:51:20.921] [ERROR] default - ERROR - Code: 500 - Message: misconfigured csrf
[2024-05-20T19:00:31.955] [INFO] default - MongoDB Connect!
[2024-05-20T19:01:22.074] [ERROR] default - ERROR - Code: 500 - Message: req.csrfToken is not a function
[2024-05-20T19:03:30.624] [INFO] default - MongoDB Connect!
[2024-05-20T19:04:22.217] [INFO] default - MongoDB Connect!
[2024-05-20T19:04:25.050] [ERROR] default - ERROR - Code: 500 - Message: req.csrfToken is not a function
[2024-05-20T19:05:12.622] [ERROR] default - ERROR - Code: 500 - Message: req.csrfToken is not a function
[2024-05-20T19:05:14.859] [ERROR] default - ERROR - Code: 500 - Message: req.csrfToken is not a function
[2024-05-20T19:06:26.081] [ERROR] default - ERROR - Code: 500 - Message: req.csrfToken is not a function
[2024-05-20T19:06:28.170] [ERROR] default - ERROR - Code: 500 - Message: req.csrfToken is not a function
[2024-05-20T19:13:47.946] [INFO] default - MongoDB Connect!
[2024-05-20T19:14:03.009] [ERROR] default - ERROR - Code: 500 - Message: misconfigured csrf
[2024-05-20T19:14:04.964] [ERROR] default - ERROR - Code: 500 - Message: misconfigured csrf
[2024-05-20T19:14:28.935] [ERROR] default - ERROR - Code: 500 - Message: misconfigured csrf
[2024-05-20T19:18:53.206] [INFO] default - MongoDB Connect!
[2024-05-20T19:18:57.151] [ERROR] default - ERROR - Code: 500 - Message: misconfigured csrf
[2024-05-20T19:18:59.605] [ERROR] default - ERROR - Code: 500 - Message: misconfigured csrf
[2024-05-20T19:22:54.079] [INFO] default - MongoDB Connect!
[2024-05-20T19:23:20.139] [ERROR] default - ERROR - Code: 500 - Message: misconfigured csrf
[2024-05-20T19:23:22.440] [ERROR] default - ERROR - Code: 500 - Message: misconfigured csrf
[2024-05-20T19:34:39.081] [INFO] default - MongoDB Connect!
[2024-05-20T19:35:09.197] [INFO] default - MongoDB Connect!
[2024-05-20T19:35:13.704] [ERROR] default - ERROR - Code: 500 - Message: misconfigured csrf
[2024-05-20T19:35:39.486] [INFO] default - MongoDB Connect!
[2024-05-20T19:35:43.246] [INFO] default - Hello from Express and TypeScript!
[2024-05-20T19:55:41.166] [INFO] default - MongoDB Connect!
[2024-05-20T19:55:48.192] [INFO] default - Hello from Express and TypeScript!
[2024-05-20T19:55:52.685] [INFO] default - Hello from Express and TypeScript!
[2024-05-20T19:56:22.740] [INFO] default - MongoDB Connect!
[2024-05-20T19:56:26.648] [ERROR] default - ERROR - Code: 500 - Message: misconfigured csrf
[2024-05-20T19:57:38.553] [INFO] default - MongoDB Connect!
[2024-05-21T07:38:33.200] [INFO] default - MongoDB Connect!
[2024-05-21T07:38:41.123] [INFO] default - Hello from Express and TypeScript!
[2024-05-21T07:42:31.400] [INFO] default - MongoDB Connect!
[2024-05-21T07:48:12.181] [INFO] default - MongoDB Connect!
[2024-05-21T07:51:06.508] [INFO] default - MongoDB Connect!
[2024-05-23T16:56:16.476] [INFO] default - MongoDB Connect!
[2024-05-23T16:57:23.771] [INFO] default - MongoDB Connect!
[2024-05-23T16:58:11.167] [INFO] default - MongoDB Connect!
[2024-05-23T17:02:17.324] [INFO] default - MongoDB Connect!
[2024-05-23T17:02:52.854] [INFO] default - MongoDB Connect!
[2024-05-23T17:04:28.894] [INFO] default - MongoDB Connect!
[2024-05-23T17:05:01.975] [INFO] default - MongoDB Connect!
[2024-05-23T17:05:04.944] [ERROR] default - ERROR - Code: 500 - Message: req.csrfToken is not a function
[2024-05-23T17:05:47.569] [INFO] default - MongoDB Connect!
[2024-05-23T17:05:50.593] [INFO] default - Hello from Express and TypeScript!
[2024-05-23T17:12:16.580] [INFO] default - MongoDB Connect!
[2024-05-23T17:12:32.582] [INFO] default - MongoDB Connect!
[2024-05-23T17:12:34.256] [INFO] default - Hello from Express and TypeScript!
[2024-05-23T17:15:23.732] [INFO] default - MongoDB Connect!
[2024-05-23T17:16:23.289] [INFO] default - Hello from Express and TypeScript!
[2024-05-23T17:59:55.077] [INFO] default - Hello from Express and TypeScript!
[2024-05-23T17:59:58.386] [INFO] default - Hello from Express and TypeScript!
[2024-05-23T18:28:03.979] [INFO] default - Hello from Express and TypeScript!
[2024-05-23T18:28:05.895] [INFO] default - Hello from Express and TypeScript!
[2024-05-23T20:11:40.457] [INFO] default - MongoDB Connect!
[2024-05-23T20:12:01.734] [INFO] default - MongoDB Connect!
[2024-05-27T19:40:50.846] [INFO] default - MongoDB Connect!
[2024-05-27T19:41:32.312] [INFO] default - MongoDB Connect!
[2024-05-27T19:41:57.122] [INFO] default - MongoDB Connect!
[2024-05-27T19:42:34.766] [INFO] default - MongoDB Connect!
[2024-05-27T19:43:19.665] [INFO] default - MongoDB Connect!
[2024-05-27T19:43:41.951] [ERROR] default - ERROR - Code: 500 - Message: misconfigured csrf
[2024-05-27T19:44:24.802] [INFO] default - MongoDB Connect!
[2024-05-27T19:44:31.132] [ERROR] default - ERROR - Code: 500 - Message: misconfigured csrf
[2024-05-27T19:44:56.676] [INFO] default - MongoDB Connect!
[2024-05-27T19:45:30.551] [INFO] default - MongoDB Connect!
[2024-05-27T19:45:33.651] [ERROR] default - ERROR - Code: 500 - Message: req.csrfToken is not a function
[2024-05-27T19:46:15.324] [INFO] default - MongoDB Connect!
[2024-05-27T19:47:50.222] [INFO] default - MongoDB Connect!
[2024-05-27T19:48:52.586] [INFO] default - MongoDB Connect!
[2024-05-27T19:50:51.617] [INFO] default - MongoDB Connect!
[2024-05-27T19:53:55.737] [INFO] default - MongoDB Connect!
[2024-05-27T19:55:30.753] [INFO] default - MongoDB Connect!
[2024-05-27T19:55:52.327] [INFO] default - MongoDB Connect!
[2024-05-27T19:56:53.935] [INFO] default - MongoDB Connect!
[2024-05-27T19:57:37.231] [INFO] default - MongoDB Connect!
[2024-05-27T19:59:21.691] [INFO] default - MongoDB Connect!
[2024-05-27T20:00:13.050] [INFO] default - MongoDB Connect!
[2024-05-27T20:01:16.189] [INFO] default - MongoDB Connect!
[2024-05-27T20:02:57.816] [INFO] default - MongoDB Connect!
[2024-05-27T20:04:14.125] [INFO] default - MongoDB Connect!
[2024-05-27T20:05:08.702] [INFO] default - MongoDB Connect!
[2024-05-27T20:06:04.552] [INFO] default - MongoDB Connect!
[2024-05-27T20:06:47.859] [INFO] default - MongoDB Connect!
[2024-05-27T20:08:04.630] [INFO] default - MongoDB Connect!
[2024-05-27T20:09:01.664] [INFO] default - MongoDB Connect!
[2024-05-27T20:10:20.318] [INFO] default - MongoDB Connect!
[2024-05-27T20:11:16.160] [INFO] default - MongoDB Connect!
[2024-05-27T20:12:53.971] [INFO] default - MongoDB Connect!
[2024-05-27T20:14:34.032] [INFO] default - MongoDB Connect!
[2024-05-27T20:15:37.274] [INFO] default - MongoDB Connect!
[2024-05-27T20:17:38.777] [INFO] default - MongoDB Connect!
[2024-05-27T20:21:21.255] [INFO] default - MongoDB Connect!
[2024-05-27T20:23:33.844] [INFO] default - MongoDB Connect!
[2024-05-27T20:24:43.119] [INFO] default - MongoDB Connect!
[2024-05-27T20:34:48.832] [INFO] default - MongoDB Connect!
[2024-05-27T20:35:39.934] [INFO] default - MongoDB Connect!
[2024-05-27T20:36:11.225] [INFO] default - MongoDB Connect!
[2024-05-27T20:39:41.913] [INFO] default - MongoDB Connect!
[2024-05-27T20:42:48.511] [INFO] default - MongoDB Connect!
[2024-05-27T20:43:54.444] [INFO] default - MongoDB Connect!
[2024-05-27T20:44:07.655] [INFO] default - MongoDB Connect!
[2024-05-27T20:48:00.051] [INFO] default - MongoDB Connect!
[2024-05-28T12:55:21.304] [INFO] default - MongoDB Connect!
[2024-05-28T13:00:33.875] [INFO] default - MongoDB Connect!
[2024-05-28T13:01:23.653] [INFO] default - MongoDB Connect!
[2024-05-28T13:03:33.063] [INFO] default - MongoDB Connect!
[2024-05-28T13:06:57.152] [INFO] default - MongoDB Connect!
[2024-05-28T13:09:37.205] [INFO] default - MongoDB Connect!
[2024-05-28T13:10:16.339] [INFO] default - MongoDB Connect!
[2024-05-28T13:11:09.170] [INFO] default - MongoDB Connect!
[2024-05-28T13:13:26.286] [INFO] default - MongoDB Connect!
[2024-05-28T13:13:53.438] [ERROR] default - ERROR - Code: 500 - Message: misconfigured csrf
[2024-05-28T13:14:41.131] [INFO] default - MongoDB Connect!
[2024-05-28T13:15:21.179] [ERROR] default - ERROR - Code: 500 - Message: Error Occurred: jobs validation failed: posted_by: Path `posted_by` is required., _id: Path `_id` is required.
[2024-05-28T13:16:08.031] [ERROR] default - ERROR - Code: 500 - Message: Error Occurred: jobs validation failed: _id: Path `_id` is required.
[2024-05-28T13:16:53.455] [INFO] default - MongoDB Connect!
[2024-05-28T13:16:59.534] [ERROR] default - ERROR - Code: 500 - Message: Error Occurred: document must have an _id before saving
[2024-05-28T13:19:59.353] [INFO] default - MongoDB Connect!
[2024-05-28T13:20:07.720] [ERROR] default - ERROR - Code: 500 - Message: Error Occurred: document must have an _id before saving
[2024-05-28T13:20:09.749] [ERROR] default - ERROR - Code: 500 - Message: Error Occurred: document must have an _id before saving
[2024-05-28T13:23:06.608] [INFO] default - MongoDB Connect!
[2024-05-28T13:26:34.857] [INFO] default - MongoDB Connect!
[2024-05-28T13:34:56.421] [INFO] default - MongoDB Connect!
[2024-05-28T13:36:30.340] [INFO] default - MongoDB Connect!
[2024-05-28T13:45:37.361] [INFO] default - MongoDB Connect!
[2024-05-28T13:47:06.063] [INFO] default - MongoDB Connect!
[2024-05-28T13:47:10.990] [ERROR] default - ERROR - Code: 500 - Message: Error Occurred: Transaction numbers are only allowed on a replica set member or mongos
[2024-05-28T13:48:13.809] [INFO] default - MongoDB Connect!
[2024-05-28T13:48:18.210] [ERROR] default - ERROR - Code: 500 - Message: Error Occurred: Transaction numbers are only allowed on a replica set member or mongos
[2024-05-28T14:04:01.801] [INFO] default - MongoDB Connect!
[2024-05-28T14:07:49.795] [INFO] default - MongoDB Connect!
[2024-05-28T14:09:34.270] [ERROR] default - ERROR - Code: 500 - Message: Error Occurred: jobTags validation failed: tagId: Cast to ObjectId failed for value "tagId1" (type string) at path "tagId" because of "BSONError"
[2024-05-28T14:12:52.700] [INFO] default - MongoDB Connect!
[2024-05-28T14:13:04.207] [ERROR] default - ERROR - Code: 500 - Message: Error Occurred: input must be a 24 character hex string, 12 byte Uint8Array, or an integer
[2024-05-28T14:15:59.745] [INFO] default - MongoDB Connect!
[2024-05-28T14:16:09.542] [ERROR] default - ERROR - Code: 500 - Message: Error Occurred: Invalid tagId: tagId1
[2024-05-28T14:23:33.644] [INFO] default - MongoDB Connect!
[2024-05-28T14:23:39.376] [ERROR] default - ERROR - Code: 500 - Message: Error Occurred: Invalid tagId: tagId1
[2024-05-28T14:23:43.370] [ERROR] default - ERROR - Code: 500 - Message: Error Occurred: Invalid tagId: tagId1
[2024-05-28T14:30:24.993] [INFO] default - MongoDB Connect!
[2024-05-28T14:46:59.770] [INFO] default - MongoDB Connect!
[2024-05-28T14:47:43.055] [INFO] default - MongoDB Connect!
[2024-05-28T14:49:25.511] [INFO] default - MongoDB Connect!
[2024-05-28T14:49:46.123] [INFO] default - MongoDB Connect!
[2024-05-28T14:55:34.208] [INFO] default - MongoDB Connect!
[2024-05-28T15:06:36.910] [INFO] default - MongoDB Connect!
[2024-05-28T15:11:57.198] [INFO] default - MongoDB Connect!
[2024-05-28T15:12:51.190] [INFO] default - MongoDB Connect!
[2024-05-29T12:54:29.676] [INFO] default - MongoDB Connect!
[2024-05-29T13:04:19.068] [INFO] default - MongoDB Connect!
[2024-05-29T13:12:38.246] [INFO] default - MongoDB Connect!
[2024-05-29T13:29:35.071] [INFO] default - MongoDB Connect!
[2024-05-29T13:29:41.924] [INFO] default - MongoDB Connect!
[2024-05-29T13:30:14.136] [INFO] default - MongoDB Connect!
[2024-05-29T13:33:03.028] [ERROR] default - ERROR - Code: 401 - Message: Invalid token
[2024-05-29T13:34:44.128] [INFO] default - MongoDB Connect!
[2024-05-29T13:36:24.738] [INFO] default - MongoDB Connect!
[2024-05-29T13:57:56.460] [INFO] default - MongoDB Connect!
[2024-05-29T14:00:54.351] [INFO] default - MongoDB Connect!
[2024-05-29T14:03:32.301] [INFO] default - MongoDB Connect!
[2024-05-29T14:15:12.334] [INFO] default - MongoDB Connect!
[2024-05-29T14:19:59.039] [INFO] default - MongoDB Connect!
[2024-05-29T14:27:00.510] [INFO] default - MongoDB Connect!
[2024-05-29T14:34:04.786] [INFO] default - MongoDB Connect!
[2024-05-29T14:35:41.972] [INFO] default - MongoDB Connect!
[2024-05-29T14:36:52.489] [INFO] default - MongoDB Connect!
[2024-05-29T14:41:15.526] [INFO] default - MongoDB Connect!
[2024-05-29T14:42:08.700] [INFO] default - MongoDB Connect!
[2024-05-29T14:48:33.892] [INFO] default - MongoDB Connect!
[2024-05-29T14:50:03.836] [INFO] default - MongoDB Connect!
[2024-05-29T14:53:16.722] [INFO] default - MongoDB Connect!
[2024-05-29T14:54:08.581] [INFO] default - MongoDB Connect!
[2024-06-03T14:44:58.603] [INFO] default - MongoDB Connect!
[2024-06-03T14:49:08.515] [INFO] default - MongoDB Connect!
[2024-06-03T14:50:01.139] [INFO] default - MongoDB Connect!
[2024-06-03T14:56:23.540] [INFO] default - MongoDB Connect!
[2024-06-03T14:59:06.139] [INFO] default - MongoDB Connect!
[2024-06-03T15:03:01.961] [INFO] default - MongoDB Connect!
[2024-06-03T15:03:26.435] [INFO] default - MongoDB Connect!
[2024-06-03T15:05:48.818] [INFO] default - MongoDB Connect!
[2024-06-05T14:29:51.523] [INFO] default - MongoDB Connect!
[2024-06-05T14:30:15.514] [ERROR] default - ERROR - Code: 404 - Message: Jobs not found
[2024-06-05T14:31:51.098] [ERROR] default - ERROR - Code: 404 - Message: Jobs not found
[2024-06-05T14:46:07.955] [INFO] default - MongoDB Connect!
[2024-06-05T14:47:09.788] [ERROR] default - ERROR - Code: 500 - Message: Error Occurred: Cannot read properties of undefined (reading 'filter')
[2024-06-05T14:49:47.146] [ERROR] default - ERROR - Code: 500 - Message: Error Occurred: Cannot read properties of undefined (reading 'filter')
[2024-06-05T14:50:03.591] [ERROR] default - ERROR - Code: 500 - Message: Error Occurred: Cannot read properties of undefined (reading 'filter')
[2024-10-04T13:01:12.620] [ERROR] default - Error Occurred: connect ECONNREFUSED 127.0.0.1:27017
[2024-10-04T17:55:14.519] [INFO] default - MongoDB Connect!
[2024-10-04T18:10:45.176] [INFO] default - MongoDB Connect!
[2024-10-04T19:02:45.251] [INFO] default - MongoDB Connect!
[2024-10-04T19:02:48.525] [INFO] default - MongoDB Connect!
[2024-10-04T19:02:59.540] [INFO] default - MongoDB Connect!
[2024-10-04T19:06:36.673] [INFO] default - MongoDB Connect!
[2024-10-04T19:06:45.358] [INFO] default - MongoDB Connect!
[2024-10-04T19:06:51.296] [INFO] default - MongoDB Connect!
[2024-10-04T19:09:23.811] [INFO] default - MongoDB Connect!
[2024-10-04T19:09:35.937] [INFO] default - MongoDB Connect!
[2024-10-04T19:09:44.639] [INFO] default - TEST!
[2024-10-04T19:10:01.255] [INFO] default - MongoDB Connect!
[2024-10-04T19:10:05.783] [INFO] default - MongoDB Connect!
[2024-10-04T19:10:11.115] [INFO] default - MongoDB Connect!
[2024-10-04T19:10:15.725] [INFO] default - MongoDB Connect!
[2024-10-04T19:10:21.278] [INFO] default - MongoDB Connect!
[2024-10-04T19:17:13.312] [INFO] default - MongoDB Connect!
[2024-10-04T19:17:17.015] [INFO] default - MongoDB Connect!
[2024-10-04T19:17:19.080] [INFO] default - MongoDB Connect!
[2024-10-04T19:17:21.257] [INFO] default - MongoDB Connect!
[2024-10-04T19:17:23.236] [INFO] default - MongoDB Connect!
[2024-10-04T19:17:25.563] [INFO] default - MongoDB Connect!
[2024-10-04T19:17:30.845] [INFO] default - MongoDB Connect!
[2024-10-04T19:17:37.246] [INFO] default - MongoDB Connect!
[2024-10-04T19:17:50.018] [INFO] default - TEST!
[2024-10-04T19:22:40.005] [INFO] default - MongoDB Connect!
[2024-10-04T19:23:00.894] [INFO] default - TEST!
[2024-10-04T19:23:28.422] [INFO] default - MongoDB Connect!
[2024-10-04T19:23:31.231] [INFO] default - MongoDB Connect!
[2024-10-04T19:23:42.268] [INFO] default - MongoDB Connect!
[2024-10-04T19:24:05.842] [INFO] default - TEST!
[2024-10-04T19:24:27.185] [INFO] default - MongoDB Connect!
[2024-10-04T19:24:34.903] [INFO] default - MongoDB Connect!
[2024-10-04T19:24:36.859] [INFO] default - MongoDB Connect!
[2024-10-04T19:25:00.572] [INFO] default - MongoDB Connect!
[2024-10-04T19:25:03.995] [INFO] default - TEST!
[2024-10-04T19:26:23.647] [INFO] default - MongoDB Connect!
[2024-10-04T19:26:26.679] [INFO] default - MongoDB Connect!
[2024-10-04T19:26:29.658] [INFO] default - MongoDB Connect!
[2024-10-04T19:26:35.745] [INFO] default - TEST!
[2024-10-04T19:26:53.081] [INFO] default - MongoDB Connect!
[2024-10-04T19:26:56.728] [INFO] default - MongoDB Connect!
[2024-10-04T19:27:09.578] [INFO] default - MongoDB Connect!
[2024-10-04T19:27:19.678] [INFO] default - TEST!
[2024-10-04T19:27:40.189] [INFO] default - MongoDB Connect!
[2024-10-04T19:27:44.083] [INFO] default - MongoDB Connect!
[2024-10-04T19:27:59.618] [INFO] default - MongoDB Connect!
[2024-10-04T19:28:16.581] [INFO] default - TEST!
[2024-10-04T19:28:34.393] [INFO] default - MongoDB Connect!
[2024-10-04T19:28:44.673] [INFO] default - MongoDB Connect!
[2024-10-04T19:28:47.818] [INFO] default - MongoDB Connect!
[2024-10-04T19:30:28.080] [INFO] default - MongoDB Connect!
[2024-10-04T19:30:31.785] [INFO] default - MongoDB Connect!
[2024-10-04T19:30:37.907] [INFO] default - TEST!
[2024-10-04T19:30:51.017] [INFO] default - MongoDB Connect!
[2024-10-04T19:30:54.163] [INFO] default - MongoDB Connect!
[2024-10-04T19:30:57.229] [INFO] default - MongoDB Connect!
[2024-10-04T19:31:14.863] [INFO] default - MongoDB Connect!
[2024-10-04T19:31:33.855] [INFO] default - TEST!
[2024-10-04T19:35:20.344] [INFO] default - MongoDB Connect!
[2024-10-04T19:35:26.744] [INFO] default - MongoDB Connect!
[2024-10-04T19:35:31.288] [INFO] default - MongoDB Connect!
[2024-10-04T19:36:09.222] [INFO] default - MongoDB Connect!
[2024-10-04T19:36:17.789] [INFO] default - TEST!
[2024-10-04T19:40:04.241] [INFO] default - MongoDB Connect!
[2024-10-04T19:40:10.146] [INFO] default - MongoDB Connect!
[2024-10-04T19:40:15.919] [INFO] default - MongoDB Connect!
[2024-10-04T19:40:41.934] [INFO] default - MongoDB Connect!
[2024-10-04T19:40:47.750] [INFO] default - MongoDB Connect!
[2024-10-04T19:40:51.086] [INFO] default - MongoDB Connect!
[2024-10-04T19:40:53.940] [INFO] default - MongoDB Connect!
[2024-10-04T19:41:40.136] [INFO] default - TEST!
[2024-10-04T19:41:54.975] [INFO] default - MongoDB Connect!
[2024-10-04T19:42:00.498] [INFO] default - MongoDB Connect!
[2024-10-04T19:42:08.382] [INFO] default - TEST!
[2024-10-04T19:42:18.636] [INFO] default - MongoDB Connect!
[2024-10-04T19:42:23.915] [INFO] default - MongoDB Connect!
[2024-10-04T19:42:27.965] [INFO] default - MongoDB Connect!
[2024-10-04T19:42:35.863] [INFO] default - TEST!
[2024-10-04T19:43:24.222] [INFO] default - MongoDB Connect!
[2024-10-04T19:43:32.904] [INFO] default - MongoDB Connect!
[2024-10-04T19:43:43.918] [INFO] default - TEST!
[2024-10-04T19:59:14.408] [INFO] default - MongoDB Connect!
[2024-10-04T20:31:21.078] [ERROR] default - ERROR - Code: 500 - Message: Error Occurred: Cannot read properties of undefined (reading 'filter')
[2024-10-04T20:38:44.968] [INFO] default - MongoDB Connect!
[2024-10-04T20:38:57.752] [INFO] default - MongoDB Connect!
[2024-10-04T20:45:31.681] [INFO] default - MongoDB Connect!
[2024-10-04T20:45:38.234] [ERROR] default - ERROR - Code: 500 - Message: Error Occurred: jobs validation failed: posted_by: Path `posted_by` is required., description: Path `description` is required.
[2024-10-04T20:46:59.599] [ERROR] default - ERROR - Code: 500 - Message: Error Occurred: jobs validation failed: posted_by: Cast to ObjectId failed for value "spas" (type string) at path "posted_by" because of "BSONError"
[2024-10-05T05:36:28.883] [INFO] default - MongoDB Connect!
[2024-10-05T05:36:40.515] [INFO] default - MongoDB Connect!
[2024-10-05T05:38:05.974] [INFO] default - MongoDB Connect!
[2024-10-05T05:38:15.935] [INFO] default - MongoDB Connect!
[2024-10-05T05:38:19.329] [INFO] default - MongoDB Connect!
[2024-10-05T05:38:37.416] [INFO] default - MongoDB Connect!
[2024-10-05T05:38:44.818] [INFO] default - MongoDB Connect!
[2024-10-05T05:38:55.080] [INFO] default - MongoDB Connect!
[2024-10-05T05:39:01.402] [INFO] default - MongoDB Connect!
[2024-10-05T05:39:30.315] [INFO] default - MongoDB Connect!
[2024-10-05T05:39:55.356] [INFO] default - MongoDB Connect!
[2024-10-05T05:40:11.111] [INFO] default - MongoDB Connect!
[2024-10-05T05:40:26.735] [INFO] default - MongoDB Connect!
[2024-10-05T05:40:35.772] [INFO] default - MongoDB Connect!
[2024-10-05T05:40:56.644] [INFO] default - MongoDB Connect!
[2024-10-05T05:41:14.566] [INFO] default - MongoDB Connect!
[2024-10-07T12:41:23.399] [INFO] default - MongoDB Connect!
[2024-10-07T12:58:00.525] [INFO] default - MongoDB Connect!
[2024-10-07T12:58:16.480] [INFO] default - MongoDB Connect!
[2024-10-07T13:01:18.933] [INFO] default - MongoDB Connect!
[2024-10-07T13:01:26.643] [INFO] default - MongoDB Connect!
[2024-10-07T13:01:29.836] [INFO] default - MongoDB Connect!
[2024-10-07T13:01:33.201] [INFO] default - MongoDB Connect!
[2024-10-07T13:01:36.388] [INFO] default - MongoDB Connect!
[2024-10-07T13:01:39.351] [INFO] default - MongoDB Connect!
[2024-10-07T13:01:44.029] [INFO] default - MongoDB Connect!
[2024-10-07T13:01:47.150] [INFO] default - MongoDB Connect!
[2024-10-07T13:01:59.493] [INFO] default - MongoDB Connect!
[2024-10-07T13:02:05.250] [INFO] default - MongoDB Connect!
[2024-10-07T13:02:08.880] [INFO] default - MongoDB Connect!
[2024-10-07T13:02:14.494] [INFO] default - MongoDB Connect!
[2024-10-07T13:02:18.355] [INFO] default - MongoDB Connect!
[2024-10-07T13:02:21.746] [INFO] default - MongoDB Connect!
[2024-10-07T13:02:31.753] [INFO] default - MongoDB Connect!
[2024-10-07T13:02:34.216] [INFO] default - MongoDB Connect!
[2024-10-07T13:02:45.277] [INFO] default - MongoDB Connect!
[2024-10-07T13:06:06.210] [INFO] default - MongoDB Connect!
[2024-10-07T13:06:45.457] [INFO] default - MongoDB Connect!
[2024-10-07T13:06:56.144] [INFO] default - MongoDB Connect!
[2024-10-07T13:06:59.030] [INFO] default - MongoDB Connect!
[2024-10-07T13:07:13.717] [INFO] default - MongoDB Connect!
[2024-10-07T13:07:30.606] [INFO] default - MongoDB Connect!
[2024-10-07T13:07:33.671] [INFO] default - MongoDB Connect!
[2024-10-07T13:07:36.238] [INFO] default - MongoDB Connect!
[2024-10-07T13:07:40.322] [INFO] default - MongoDB Connect!
[2024-10-07T13:07:43.974] [INFO] default - MongoDB Connect!
[2024-10-07T13:07:47.579] [INFO] default - MongoDB Connect!
[2024-10-07T13:07:51.162] [INFO] default - MongoDB Connect!
[2024-10-07T13:07:58.506] [INFO] default - MongoDB Connect!
[2024-10-07T13:14:00.320] [INFO] default - MongoDB Connect!
[2024-10-07T13:14:04.227] [INFO] default - MongoDB Connect!
[2024-10-07T13:14:36.490] [INFO] default - MongoDB Connect!
[2024-10-07T13:14:38.596] [INFO] default - MongoDB Connect!
[2024-10-07T13:15:01.716] [INFO] default - MongoDB Connect!
[2024-10-07T13:15:20.926] [INFO] default - MongoDB Connect!
[2024-10-07T13:15:39.130] [INFO] default - MongoDB Connect!
[2024-10-07T13:15:42.263] [INFO] default - MongoDB Connect!
[2024-10-07T13:16:21.443] [INFO] default - MongoDB Connect!
[2024-10-07T13:16:24.549] [INFO] default - MongoDB Connect!
[2024-10-07T13:20:57.912] [INFO] default - MongoDB Connect!
[2024-10-07T13:21:01.575] [INFO] default - MongoDB Connect!
[2024-10-07T13:21:35.219] [INFO] default - MongoDB Connect!
[2024-10-07T13:21:37.392] [INFO] default - MongoDB Connect!
[2024-10-07T13:21:59.416] [INFO] default - MongoDB Connect!
[2024-10-07T13:22:02.503] [INFO] default - MongoDB Connect!
[2024-10-07T13:23:05.026] [INFO] default - MongoDB Connect!
[2024-10-07T13:23:08.034] [INFO] default - MongoDB Connect!
[2024-10-07T13:23:53.724] [INFO] default - MongoDB Connect!
[2024-10-07T13:23:56.200] [INFO] default - MongoDB Connect!
[2024-10-07T13:30:21.797] [INFO] default - MongoDB Connect!
[2024-10-07T13:30:25.614] [INFO] default - MongoDB Connect!
[2024-10-07T13:31:34.195] [INFO] default - MongoDB Connect!
[2024-10-07T13:31:38.745] [INFO] default - MongoDB Connect!
[2024-10-07T13:32:44.438] [INFO] default - MongoDB Connect!
[2024-10-07T13:32:47.177] [INFO] default - MongoDB Connect!
[2024-10-07T13:33:39.090] [INFO] default - MongoDB Connect!
[2024-10-07T13:33:41.402] [INFO] default - MongoDB Connect!
[2024-10-07T13:36:07.014] [INFO] default - MongoDB Connect!
[2024-10-07T13:36:08.977] [INFO] default - MongoDB Connect!
[2024-10-07T13:36:13.772] [INFO] default - MongoDB Connect!
[2024-10-07T13:36:17.364] [INFO] default - MongoDB Connect!
[2024-10-07T13:36:35.065] [INFO] default - MongoDB Connect!
[2024-10-07T13:37:43.480] [INFO] default - MongoDB Connect!
[2024-10-07T13:37:45.786] [INFO] default - MongoDB Connect!
[2024-10-07T13:41:48.711] [INFO] default - MongoDB Connect!
[2024-10-07T13:41:51.461] [INFO] default - MongoDB Connect!
[2024-10-07T13:51:32.437] [INFO] default - MongoDB Connect!
[2024-10-07T13:51:49.632] [INFO] default - MongoDB Connect!
[2024-10-07T13:51:57.598] [INFO] default - MongoDB Connect!
[2024-10-07T13:52:30.820] [INFO] default - MongoDB Connect!
[2024-10-07T14:05:56.065] [INFO] default - MongoDB Connect!
[2024-10-07T14:07:05.001] [INFO] default - MongoDB Connect!
[2024-10-07T14:07:29.468] [INFO] default - MongoDB Connect!
[2024-10-07T14:08:13.743] [INFO] default - MongoDB Connect!
[2024-10-07T14:08:26.111] [INFO] default - MongoDB Connect!
[2024-10-07T14:08:34.306] [INFO] default - MongoDB Connect!
[2024-10-07T14:08:39.546] [INFO] default - MongoDB Connect!
[2024-10-07T14:09:55.034] [INFO] default - MongoDB Connect!
[2024-10-07T14:10:08.792] [INFO] default - MongoDB Connect!
[2024-10-07T14:10:21.765] [INFO] default - MongoDB Connect!
[2024-10-07T14:10:25.975] [INFO] default - MongoDB Connect!
[2024-10-07T14:10:29.083] [INFO] default - MongoDB Connect!
[2024-10-07T14:10:45.506] [INFO] default - MongoDB Connect!
[2024-10-07T14:10:51.555] [INFO] default - MongoDB Connect!
[2024-10-07T14:10:55.049] [INFO] default - MongoDB Connect!
[2024-10-07T14:10:57.454] [INFO] default - MongoDB Connect!
[2024-10-07T14:11:02.869] [INFO] default - MongoDB Connect!
[2024-10-07T14:11:10.431] [INFO] default - MongoDB Connect!
[2024-10-07T14:11:12.732] [INFO] default - MongoDB Connect!
[2024-10-07T14:11:15.039] [INFO] default - MongoDB Connect!
[2024-10-07T14:11:21.957] [INFO] default - MongoDB Connect!
[2024-10-07T14:11:26.731] [INFO] default - MongoDB Connect!
[2024-10-07T14:11:28.952] [INFO] default - MongoDB Connect!
[2024-10-07T14:11:31.709] [INFO] default - MongoDB Connect!
[2024-10-07T14:11:34.674] [INFO] default - MongoDB Connect!
[2024-10-07T14:11:49.030] [INFO] default - MongoDB Connect!
[2024-10-07T14:11:58.182] [INFO] default - MongoDB Connect!
[2024-10-07T14:12:07.247] [INFO] default - MongoDB Connect!
[2024-10-07T14:12:26.735] [INFO] default - MongoDB Connect!
[2024-10-07T18:16:47.418] [INFO] default - MongoDB Connect!
[2024-10-07T18:22:39.388] [ERROR] default - ERROR - Code: 400 - Message: title should not be empty, title must be a string
[2024-10-07T18:22:57.203] [ERROR] default - ERROR - Code: 400 - Message: title should not be empty
[2024-10-07T18:23:30.192] [INFO] default - MongoDB Connect!
[2024-10-07T18:24:23.505] [INFO] default - MongoDB Connect!
[2024-10-07T18:24:26.218] [ERROR] default - ERROR - Code: 400 - Message: title should not be empty
[2024-10-07T18:25:12.976] [INFO] default - MongoDB Connect!
[2024-10-07T18:32:11.818] [INFO] default - MongoDB Connect!
[2024-10-07T18:32:17.332] [ERROR] default - ERROR - Code: 400 - Message: title should not be empty
[2024-10-07T18:36:07.952] [INFO] default - MongoDB Connect!
[2024-10-07T18:36:13.691] [ERROR] default - ERROR - Code: 400 - Message: Title should not be empty111
[2024-10-07T18:38:57.286] [INFO] default - MongoDB Connect!
[2024-10-07T18:53:49.544] [ERROR] default - ERROR - Code: 400 - Message: description should not be empty
[2024-10-07T18:54:29.720] [INFO] default - MongoDB Connect!
[2024-10-07T18:54:33.732] [INFO] default - MongoDB Connect!
